<?xml version="1.0" encoding="UTF-8"?>
<testng-results ignored="0" total="1" passed="1" failed="0" skipped="0">
  <reporter-output>
  </reporter-output>
  <suite started-at="2025-07-18T11:45:54 IST" name="Default suite" finished-at="2025-07-18T11:46:29 IST" duration-ms="34865">
    <groups>
    </groups>
    <test started-at="2025-07-18T11:45:54 IST" name="Default test" finished-at="2025-07-18T11:46:29 IST" duration-ms="34865">
      <class name="E2EredBus2.E2Eclass">
        <test-method signature="busTicketBooking()[pri:0, instance:E2EredBus2.E2Eclass@351d00c0]" started-at="2025-07-18T11:45:54 IST" name="busTicketBooking" finished-at="2025-07-18T11:46:29 IST" duration-ms="34779" status="PASS">
          <reporter-output>
          </reporter-output>
        </test-method> <!-- busTicketBooking -->
      </class> <!-- E2EredBus2.E2Eclass -->
    </test> <!-- Default test -->
  </suite> <!-- Default suite -->
</testng-results>
